<?xml version="1.0" encoding="UTF-8"?>
<testsuite xmlns:xsi="http://www.w3.org/2001/XMLSchema-instance" xsi:noNamespaceSchemaLocation="https://maven.apache.org/surefire/maven-surefire-plugin/xsd/surefire-test-report.xsd" version="3.0.2" name="com.example.urlshortener.infra.adapter.output.redis.RedisIntegrationTest" time="6.007" tests="4" errors="0" skipped="0" failures="0">
  <properties>
[...]
</properties>
  <testcase name="shouldPersistSequenceInRedis" classname="Redis Integration Tests" time="-1.812">
    <system-out><![CDATA[20:58:28.172 [main] INFO org.springframework.test.context.support.AnnotationConfigContextLoaderUtils -- Could not detect default configuration classes for test class [com.example.urlshortener.infra.adapter.output.redis.RedisIntegrationTest]: RedisIntegrationTest does not declare any static, non-private, non-final, nested classes annotated with @Configuration.
20:58:28.298 [main] INFO org.springframework.boot.test.context.SpringBootTestContextBootstrapper -- Found @SpringBootConfiguration com.example.urlshortener.infra.Application for test class com.example.urlshortener.infra.adapter.output.redis.RedisIntegrationTest
20:58:28.411 [main] INFO org.testcontainers.images.PullPolicy -- Image pull policy will be performed by: DefaultPullPolicy()
20:58:28.413 [main] INFO org.testcontainers.utility.ImageNameSubstitutor -- Image name substitution will be performed by: DefaultImageNameSubstitutor (composite of 'ConfigurationFileImageNameSubstitutor' and 'PrefixingImageNameSubstitutor')
20:58:28.643 [main] INFO org.testcontainers.dockerclient.DockerClientProviderStrategy -- Loaded org.testcontainers.dockerclient.UnixSocketClientProviderStrategy from ~/.testcontainers.properties, will try it first
20:58:28.963 [main] INFO org.testcontainers.dockerclient.DockerClientProviderStrategy -- Found Docker environment with local Unix socket (unix:///var/run/docker.sock)
20:58:28.965 [main] INFO org.testcontainers.DockerClientFactory -- Docker host IP address is localhost
20:58:28.991 [main] INFO org.testcontainers.DockerClientFactory -- Connected to docker: 
  Server Version: 24.0.7
  API Version: 1.43
  Operating System: Ubuntu 24.04.3 LTS
  Total Memory: 15584 MB
20:58:29.024 [main] INFO tc.testcontainers/ryuk:0.5.1 -- Creating container for image: testcontainers/ryuk:0.5.1
20:58:29.237 [main] INFO tc.testcontainers/ryuk:0.5.1 -- Container testcontainers/ryuk:0.5.1 is starting: d53d37e6c08762b3d4653732e8efd6d96ae4b12ecb715ac969b1ad937d4dc192
20:58:29.739 [main] INFO tc.testcontainers/ryuk:0.5.1 -- Container testcontainers/ryuk:0.5.1 started in PT0.715054038S
20:58:29.746 [main] INFO org.testcontainers.utility.RyukResourceReaper -- Ryuk started - will monitor and terminate Testcontainers containers on JVM exit
20:58:29.746 [main] INFO org.testcontainers.DockerClientFactory -- Checking the system...
20:58:29.747 [main] INFO org.testcontainers.DockerClientFactory -- ✔︎ Docker server version should be at least 1.6.0
20:58:29.748 [main] INFO tc.redis:alpine -- Creating container for image: redis:alpine
20:58:29.875 [main] INFO tc.redis:alpine -- Container redis:alpine is starting: f490590e5202e4e4e83bdcc1c21d2ea496fa5e1e7113fcbc3218265f58b372a8
20:58:30.333 [main] INFO tc.redis:alpine -- Container redis:alpine started in PT0.5847802S
20:58:30.387 [main] INFO org.springframework.boot.devtools.restart.RestartApplicationListener -- Restart disabled due to context in which it is running

  .   ____          _            __ _ _
 /\\ / ___'_ __ _ _(_)_ __  __ _ \ \ \ \
( ( )\___ | '_ | '_| | '_ \/ _` | \ \ \ \
 \\/  ___)| |_)| | | | | || (_| |  ) ) ) )
  '  |____| .__|_| |_|_| |_\__, | / / / /
 =========|_|==============|___/=/_/_/_/

 :: Spring Boot ::                (v3.5.7)

2025-11-23T20:58:30.801-05:00  INFO 245740 --- [url-shortener-native] [           main] c.e.u.i.a.o.redis.RedisIntegrationTest   : Starting RedisIntegrationTest using Java 21.0.8 with PID 245740 (started by castilho in /home/castilho/projects/url-shortener/url-shortener-service)
2025-11-23T20:58:30.802-05:00  INFO 245740 --- [url-shortener-native] [           main] c.e.u.i.a.o.redis.RedisIntegrationTest   : No active profile set, falling back to 1 default profile: "default"
2025-11-23T20:58:31.663-05:00  INFO 245740 --- [url-shortener-native] [           main] .s.d.r.c.RepositoryConfigurationDelegate : Multiple Spring Data modules found, entering strict repository configuration mode
2025-11-23T20:58:31.664-05:00  INFO 245740 --- [url-shortener-native] [           main] .s.d.r.c.RepositoryConfigurationDelegate : Bootstrapping Spring Data Cassandra repositories in DEFAULT mode.
2025-11-23T20:58:31.824-05:00  INFO 245740 --- [url-shortener-native] [           main] .s.d.r.c.RepositoryConfigurationDelegate : Finished Spring Data repository scanning in 153 ms. Found 1 Cassandra repository interface.
2025-11-23T20:58:32.243-05:00  INFO 245740 --- [url-shortener-native] [           main] .s.d.r.c.RepositoryConfigurationDelegate : Multiple Spring Data modules found, entering strict repository configuration mode
2025-11-23T20:58:32.243-05:00  INFO 245740 --- [url-shortener-native] [           main] .s.d.r.c.RepositoryConfigurationDelegate : Bootstrapping Spring Data Reactive Cassandra repositories in DEFAULT mode.
2025-11-23T20:58:32.262-05:00  INFO 245740 --- [url-shortener-native] [           main] .s.d.r.c.RepositoryConfigurationDelegate : Finished Spring Data repository scanning in 17 ms. Found 0 Reactive Cassandra repository interfaces.
2025-11-23T20:58:32.278-05:00  INFO 245740 --- [url-shortener-native] [           main] .s.d.r.c.RepositoryConfigurationDelegate : Multiple Spring Data modules found, entering strict repository configuration mode
2025-11-23T20:58:32.279-05:00  INFO 245740 --- [url-shortener-native] [           main] .s.d.r.c.RepositoryConfigurationDelegate : Bootstrapping Spring Data Redis repositories in DEFAULT mode.
2025-11-23T20:58:32.294-05:00  INFO 245740 --- [url-shortener-native] [           main] .RepositoryConfigurationExtensionSupport : Spring Data Redis - Could not safely identify store assignment for repository candidate interface com.example.urlshortener.infra.adapter.output.persistence.SpringDataCassandraUrlRepository; If you want this repository to be a Redis repository, consider annotating your entities with one of these annotations: org.springframework.data.redis.core.RedisHash (preferred), or consider extending one of the following types with your repository: org.springframework.data.keyvalue.repository.KeyValueRepository
2025-11-23T20:58:32.294-05:00  INFO 245740 --- [url-shortener-native] [           main] .s.d.r.c.RepositoryConfigurationDelegate : Finished Spring Data repository scanning in 6 ms. Found 0 Redis repository interfaces.
2025-11-23T20:58:32.837-05:00  INFO 245740 --- [url-shortener-native] [           main] c.d.o.d.i.core.DefaultMavenCoordinates   : Apache Cassandra Java Driver (org.apache.cassandra:java-driver-core) version 4.19.1
2025-11-23T20:58:32.939-05:00  INFO 245740 --- [url-shortener-native] [           main] c.d.o.d.i.c.c.CqlPrepareAsyncProcessor   : Adding handler to invalidate cached prepared statements on type changes
2025-11-23T20:58:33.202-05:00  INFO 245740 --- [url-shortener-native] [     s0-admin-0] c.d.oss.driver.internal.core.time.Clock  : Using native clock for microsecond precision
2025-11-23T20:58:33.492-05:00  INFO 245740 --- [url-shortener-native] [           main] c.d.o.d.i.c.c.CqlPrepareAsyncProcessor   : Adding handler to invalidate cached prepared statements on type changes
2025-11-23T20:58:33.493-05:00  INFO 245740 --- [url-shortener-native] [     s1-admin-0] c.d.oss.driver.internal.core.time.Clock  : Using native clock for microsecond precision
2025-11-23T20:58:33.945-05:00  INFO 245740 --- [url-shortener-native] [           main] org.redisson.Version                     : Redisson 3.27.0
2025-11-23T20:58:34.053-05:00  INFO 245740 --- [url-shortener-native] [isson-netty-2-5] o.redisson.connection.ConnectionsHolder  : 1 connections initialized for localhost/127.0.0.1:32863
2025-11-23T20:58:34.239-05:00  INFO 245740 --- [url-shortener-native] [sson-netty-2-20] o.redisson.connection.ConnectionsHolder  : 24 connections initialized for localhost/127.0.0.1:32863
2025-11-23T20:58:34.560-05:00  INFO 245740 --- [url-shortener-native] [           main] o.s.v.b.OptionalValidatorFactoryBean     : Failed to set up a Bean Validation provider: jakarta.validation.NoProviderFoundException: Unable to create a Configuration, because no Jakarta Bean Validation provider could be found. Add a provider like Hibernate Validator (RI) to your classpath.
2025-11-23T20:58:35.247-05:00  INFO 245740 --- [url-shortener-native] [           main] o.s.b.a.e.web.EndpointLinksResolver      : Exposing 3 endpoints beneath base path '/actuator'
2025-11-23T20:58:35.316-05:00  INFO 245740 --- [url-shortener-native] [           main] c.e.u.i.a.o.redis.RedisIntegrationTest   : Started RedisIntegrationTest in 4.941 seconds (process running for 7.972)
]]></system-out>
    <system-err><![CDATA[Mockito is currently self-attaching to enable the inline-mock-maker. This will no longer work in future releases of the JDK. Please add Mockito as an agent to your build as described in Mockito's documentation: https://javadoc.io/doc/org.mockito/mockito-core/latest/org.mockito/org/mockito/Mockito.html#0.3
WARNING: A Java agent has been loaded dynamically (/home/castilho/.m2/repository/net/bytebuddy/byte-buddy-agent/1.17.8/byte-buddy-agent-1.17.8.jar)
WARNING: If a serviceability tool is in use, please run with -XX:+EnableDynamicAgentLoading to hide this warning
WARNING: If a serviceability tool is not in use, please run with -Djdk.instrument.traceUsage for more information
WARNING: Dynamic loading of agents will be disallowed by default in a future release
]]></system-err>
  </testcase>
  <testcase name="shouldGenerateIdsWithRedisPersistence" classname="Redis Integration Tests" time="0.013"/>
  <testcase name="shouldBatchIdsLocally" classname="Redis Integration Tests" time="0.017"/>
  <testcase name="shouldGenerateManyUniqueIds" classname="Redis Integration Tests" time="0.05"/>
</testsuite>