<?xml version="1.0" encoding="UTF-8"?>
<testsuite xmlns:xsi="http://www.w3.org/2001/XMLSchema-instance" xsi:noNamespaceSchemaLocation="https://maven.apache.org/surefire/maven-surefire-plugin/xsd/surefire-test-report.xsd" version="3.0.2" name="com.example.urlshortener.UrlShortenerIntegrationTest" time="12.694" tests="4" errors="0" skipped="0" failures="0">
  <properties>
[...]
</properties>
  <testcase name="shouldCacheUrls" classname="URL Shortener Integration Tests" time="1.746">
    <system-out><![CDATA[2025-11-23T20:58:44.159-05:00  INFO 245740 --- [url-shortener-native] [           main] tc.redis:alpine                          : Creating container for image: redis:alpine
2025-11-23T20:58:44.284-05:00  INFO 245740 --- [url-shortener-native] [           main] tc.redis:alpine                          : Container redis:alpine is starting: 2179c8c05c9f05b26482921115c8ebd06924b48e5ab837f465eb78d2aae49dc9
2025-11-23T20:58:44.731-05:00  INFO 245740 --- [url-shortener-native] [           main] tc.redis:alpine                          : Container redis:alpine started in PT0.57206827S
2025-11-23T20:58:44.731-05:00  INFO 245740 --- [url-shortener-native] [           main] tc.cassandra:4.1                         : Creating container for image: cassandra:4.1
2025-11-23T20:58:44.869-05:00  INFO 245740 --- [url-shortener-native] [           main] tc.cassandra:4.1                         : Container cassandra:4.1 is starting: 4bc7e1615fbd60ca8795a81e54580829e341498d8d55d7880ac075222efcb8f3
2025-11-23T20:58:52.556-05:00  INFO 245740 --- [url-shortener-native] [           main] tc.cassandra:4.1                         : Container cassandra:4.1 started in PT7.825120277S
2025-11-23T20:58:52.559-05:00  INFO 245740 --- [url-shortener-native] [           main] o.s.b.d.r.RestartApplicationListener     : Restart disabled due to context in which it is running

  .   ____          _            __ _ _
 /\\ / ___'_ __ _ _(_)_ __  __ _ \ \ \ \
( ( )\___ | '_ | '_| | '_ \/ _` | \ \ \ \
 \\/  ___)| |_)| | | | | || (_| |  ) ) ) )
  '  |____| .__|_| |_|_| |_\__, | / / / /
 =========|_|==============|___/=/_/_/_/

 :: Spring Boot ::                (v3.5.7)

2025-11-23T20:58:52.584-05:00  INFO 245740 --- [url-shortener-native] [           main] c.e.u.UrlShortenerIntegrationTest        : Starting UrlShortenerIntegrationTest using Java 21.0.8 with PID 245740 (started by castilho in /home/castilho/projects/url-shortener/url-shortener-service)
2025-11-23T20:58:52.585-05:00  INFO 245740 --- [url-shortener-native] [           main] c.e.u.UrlShortenerIntegrationTest        : No active profile set, falling back to 1 default profile: "default"
2025-11-23T20:58:52.740-05:00  INFO 245740 --- [url-shortener-native] [           main] .s.d.r.c.RepositoryConfigurationDelegate : Multiple Spring Data modules found, entering strict repository configuration mode
2025-11-23T20:58:52.740-05:00  INFO 245740 --- [url-shortener-native] [           main] .s.d.r.c.RepositoryConfigurationDelegate : Bootstrapping Spring Data Cassandra repositories in DEFAULT mode.
2025-11-23T20:58:52.745-05:00  INFO 245740 --- [url-shortener-native] [           main] .s.d.r.c.RepositoryConfigurationDelegate : Finished Spring Data repository scanning in 3 ms. Found 1 Cassandra repository interface.
2025-11-23T20:58:52.827-05:00  INFO 245740 --- [url-shortener-native] [           main] .s.d.r.c.RepositoryConfigurationDelegate : Multiple Spring Data modules found, entering strict repository configuration mode
2025-11-23T20:58:52.827-05:00  INFO 245740 --- [url-shortener-native] [           main] .s.d.r.c.RepositoryConfigurationDelegate : Bootstrapping Spring Data Reactive Cassandra repositories in DEFAULT mode.
2025-11-23T20:58:52.833-05:00  INFO 245740 --- [url-shortener-native] [           main] .s.d.r.c.RepositoryConfigurationDelegate : Finished Spring Data repository scanning in 4 ms. Found 0 Reactive Cassandra repository interfaces.
2025-11-23T20:58:52.836-05:00  INFO 245740 --- [url-shortener-native] [           main] .s.d.r.c.RepositoryConfigurationDelegate : Multiple Spring Data modules found, entering strict repository configuration mode
2025-11-23T20:58:52.836-05:00  INFO 245740 --- [url-shortener-native] [           main] .s.d.r.c.RepositoryConfigurationDelegate : Bootstrapping Spring Data Redis repositories in DEFAULT mode.
2025-11-23T20:58:52.839-05:00  INFO 245740 --- [url-shortener-native] [           main] .RepositoryConfigurationExtensionSupport : Spring Data Redis - Could not safely identify store assignment for repository candidate interface com.example.urlshortener.infra.adapter.output.persistence.SpringDataCassandraUrlRepository; If you want this repository to be a Redis repository, consider annotating your entities with one of these annotations: org.springframework.data.redis.core.RedisHash (preferred), or consider extending one of the following types with your repository: org.springframework.data.keyvalue.repository.KeyValueRepository
2025-11-23T20:58:52.839-05:00  INFO 245740 --- [url-shortener-native] [           main] .s.d.r.c.RepositoryConfigurationDelegate : Finished Spring Data repository scanning in 2 ms. Found 0 Redis repository interfaces.
2025-11-23T20:58:52.976-05:00  WARN 245740 --- [url-shortener-native] [           main] io.undertow.websockets.jsr               : UT026010: Buffer pool was not set on WebSocketDeploymentInfo, the default pool will be used
2025-11-23T20:58:52.994-05:00  INFO 245740 --- [url-shortener-native] [           main] io.undertow.servlet                      : Initializing Spring embedded WebApplicationContext
2025-11-23T20:58:52.995-05:00  INFO 245740 --- [url-shortener-native] [           main] w.s.c.ServletWebServerApplicationContext : Root WebApplicationContext: initialization completed in 408 ms
2025-11-23T20:58:53.080-05:00  WARN 245740 --- [url-shortener-native] [           main] c.d.o.d.i.core.session.DefaultSession    : You have too many session instances: 5 active, expected less than 4 (see 'advanced.session-leak.threshold' in the configuration)
2025-11-23T20:58:53.085-05:00  INFO 245740 --- [url-shortener-native] [           main] c.d.o.d.i.c.c.CqlPrepareAsyncProcessor   : Adding handler to invalidate cached prepared statements on type changes
2025-11-23T20:58:53.086-05:00  INFO 245740 --- [url-shortener-native] [     s4-admin-0] c.d.oss.driver.internal.core.time.Clock  : Using native clock for microsecond precision
2025-11-23T20:58:53.125-05:00  WARN 245740 --- [url-shortener-native] [           main] c.d.o.d.i.core.session.DefaultSession    : You have too many session instances: 6 active, expected less than 4 (see 'advanced.session-leak.threshold' in the configuration)
2025-11-23T20:58:53.128-05:00  INFO 245740 --- [url-shortener-native] [           main] c.d.o.d.i.c.c.CqlPrepareAsyncProcessor   : Adding handler to invalidate cached prepared statements on type changes
2025-11-23T20:58:53.130-05:00  INFO 245740 --- [url-shortener-native] [     s5-admin-0] c.d.oss.driver.internal.core.time.Clock  : Using native clock for microsecond precision
2025-11-23T20:58:53.212-05:00  INFO 245740 --- [url-shortener-native] [           main] org.redisson.Version                     : Redisson 3.27.0
2025-11-23T20:58:53.220-05:00  INFO 245740 --- [url-shortener-native] [sson-netty-12-5] o.redisson.connection.ConnectionsHolder  : 1 connections initialized for localhost/127.0.0.1:32865
2025-11-23T20:58:53.294-05:00  INFO 245740 --- [url-shortener-native] [son-netty-12-20] o.redisson.connection.ConnectionsHolder  : 24 connections initialized for localhost/127.0.0.1:32865
2025-11-23T20:58:53.326-05:00  INFO 245740 --- [url-shortener-native] [           main] o.s.v.b.OptionalValidatorFactoryBean     : Failed to set up a Bean Validation provider: jakarta.validation.NoProviderFoundException: Unable to create a Configuration, because no Jakarta Bean Validation provider could be found. Add a provider like Hibernate Validator (RI) to your classpath.
2025-11-23T20:58:53.461-05:00  INFO 245740 --- [url-shortener-native] [           main] o.s.b.a.e.web.EndpointLinksResolver      : Exposing 3 endpoints beneath base path '/actuator'
2025-11-23T20:58:53.649-05:00  INFO 245740 --- [url-shortener-native] [           main] io.undertow                              : starting server: Undertow - 2.3.20.Final
2025-11-23T20:58:53.655-05:00  INFO 245740 --- [url-shortener-native] [           main] org.xnio                                 : XNIO version 3.8.16.Final
2025-11-23T20:58:53.661-05:00  INFO 245740 --- [url-shortener-native] [           main] org.xnio.nio                             : XNIO NIO Implementation Version 3.8.16.Final
2025-11-23T20:58:53.753-05:00  INFO 245740 --- [url-shortener-native] [           main] org.jboss.threads                        : JBoss Threads version 3.7.0.Final
2025-11-23T20:58:53.806-05:00  INFO 245740 --- [url-shortener-native] [           main] o.s.b.w.e.undertow.UndertowWebServer     : Undertow started on port 42445 (http) with context path '/'
2025-11-23T20:58:53.813-05:00  INFO 245740 --- [url-shortener-native] [           main] c.e.u.UrlShortenerIntegrationTest        : Started UrlShortenerIntegrationTest in 1.254 seconds (process running for 28.951)
2025-11-23T20:58:54.689-05:00  INFO 245740 --- [url-shortener-native] [  XNIO-1 task-2] io.undertow.servlet                      : Initializing Spring DispatcherServlet 'dispatcherServlet'
2025-11-23T20:58:54.690-05:00  INFO 245740 --- [url-shortener-native] [  XNIO-1 task-2] o.s.web.servlet.DispatcherServlet        : Initializing Servlet 'dispatcherServlet'
2025-11-23T20:58:54.691-05:00  INFO 245740 --- [url-shortener-native] [  XNIO-1 task-2] o.s.web.servlet.DispatcherServlet        : Completed initialization in 1 ms
2025-11-23T20:58:55.272-05:00  INFO 245740 --- [url-shortener-native] [  XNIO-1 task-2] c.e.u.core.service.UrlShortenerService   : Cache Miss for ID: vE1GpYK. Fetching from DB...
2025-11-23T20:58:55.556-05:00  INFO 245740 --- [url-shortener-native] [  XNIO-1 task-2] c.e.u.core.service.UrlShortenerService   : Cache Hit for ID: vE1GpYK
]]></system-out>
  </testcase>
  <testcase name="shouldReturn404ForNonExistentUrl" classname="URL Shortener Integration Tests" time="0.023">
    <system-out><![CDATA[2025-11-23T20:58:55.577-05:00  INFO 245740 --- [url-shortener-native] [  XNIO-1 task-2] c.e.u.core.service.UrlShortenerService   : Cache Miss for ID: nonexistent123. Fetching from DB...
]]></system-out>
  </testcase>
  <testcase name="shouldShortenAndRedirect" classname="URL Shortener Integration Tests" time="0.112">
    <system-out><![CDATA[2025-11-23T20:58:55.689-05:00  INFO 245740 --- [url-shortener-native] [  XNIO-1 task-2] c.e.u.core.service.UrlShortenerService   : Cache Miss for ID: 9y7Aa7R. Fetching from DB...
]]></system-out>
  </testcase>
  <testcase name="shouldGenerateUniqueIds" classname="URL Shortener Integration Tests" time="0.06"/>
</testsuite>