<?xml version="1.0" encoding="UTF-8"?>
<testsuite xmlns:xsi="http://www.w3.org/2001/XMLSchema-instance" xsi:noNamespaceSchemaLocation="https://maven.apache.org/surefire/maven-surefire-plugin/xsd/surefire-test-report.xsd" version="3.0.2" name="com.example.urlshortener.UrlShortenerIntegrationTest" time="12.534" tests="9" errors="0" skipped="0" failures="0">
  <properties>
[...]
</properties>
  <testcase name="shouldCacheUrls" classname="URL Shortener Integration Tests" time="1.87">
    <system-out><![CDATA[2025-11-23T21:25:42.631-05:00  INFO 340959 --- [url-shortener-native] [           main] tc.redis:alpine                          : Creating container for image: redis:alpine
2025-11-23T21:25:42.758-05:00  INFO 340959 --- [url-shortener-native] [           main] tc.redis:alpine                          : Container redis:alpine is starting: 90d3914be4a18c5335bb56087c25cd0fa2689ff96ffa2125a77f4e16a9c64407
2025-11-23T21:25:43.249-05:00  INFO 340959 --- [url-shortener-native] [           main] tc.redis:alpine                          : Container redis:alpine started in PT0.617554793S
2025-11-23T21:25:43.249-05:00  INFO 340959 --- [url-shortener-native] [           main] tc.cassandra:4.1                         : Creating container for image: cassandra:4.1
2025-11-23T21:25:43.372-05:00  INFO 340959 --- [url-shortener-native] [           main] tc.cassandra:4.1                         : Container cassandra:4.1 is starting: 44cb1d821e69b2954a56d535f4f6c745ec9480586dbf9b6ebde01d370c5ba441
2025-11-23T21:25:52.223-05:00  INFO 340959 --- [url-shortener-native] [           main] tc.cassandra:4.1                         : Container cassandra:4.1 started in PT8.974142839S
2025-11-23T21:25:52.227-05:00  INFO 340959 --- [url-shortener-native] [           main] o.s.b.d.r.RestartApplicationListener     : Restart disabled due to context in which it is running

  .   ____          _            __ _ _
 /\\ / ___'_ __ _ _(_)_ __  __ _ \ \ \ \
( ( )\___ | '_ | '_| | '_ \/ _` | \ \ \ \
 \\/  ___)| |_)| | | | | || (_| |  ) ) ) )
  '  |____| .__|_| |_|_| |_\__, | / / / /
 =========|_|==============|___/=/_/_/_/

 :: Spring Boot ::                (v3.5.7)

2025-11-23T21:25:52.261-05:00  INFO 340959 --- [url-shortener-native] [           main] c.e.u.UrlShortenerIntegrationTest        : Starting UrlShortenerIntegrationTest using Java 21.0.8 with PID 340959 (started by castilho in /home/castilho/projects/url-shortener/url-shortener-service)
2025-11-23T21:25:52.261-05:00  INFO 340959 --- [url-shortener-native] [           main] c.e.u.UrlShortenerIntegrationTest        : No active profile set, falling back to 1 default profile: "default"
2025-11-23T21:25:52.449-05:00  INFO 340959 --- [url-shortener-native] [           main] .s.d.r.c.RepositoryConfigurationDelegate : Multiple Spring Data modules found, entering strict repository configuration mode
2025-11-23T21:25:52.449-05:00  INFO 340959 --- [url-shortener-native] [           main] .s.d.r.c.RepositoryConfigurationDelegate : Bootstrapping Spring Data Cassandra repositories in DEFAULT mode.
2025-11-23T21:25:52.454-05:00  INFO 340959 --- [url-shortener-native] [           main] .s.d.r.c.RepositoryConfigurationDelegate : Finished Spring Data repository scanning in 3 ms. Found 1 Cassandra repository interface.
2025-11-23T21:25:52.549-05:00  INFO 340959 --- [url-shortener-native] [           main] .s.d.r.c.RepositoryConfigurationDelegate : Multiple Spring Data modules found, entering strict repository configuration mode
2025-11-23T21:25:52.549-05:00  INFO 340959 --- [url-shortener-native] [           main] .s.d.r.c.RepositoryConfigurationDelegate : Bootstrapping Spring Data Reactive Cassandra repositories in DEFAULT mode.
2025-11-23T21:25:52.555-05:00  INFO 340959 --- [url-shortener-native] [           main] .s.d.r.c.RepositoryConfigurationDelegate : Finished Spring Data repository scanning in 4 ms. Found 0 Reactive Cassandra repository interfaces.
2025-11-23T21:25:52.557-05:00  INFO 340959 --- [url-shortener-native] [           main] .s.d.r.c.RepositoryConfigurationDelegate : Multiple Spring Data modules found, entering strict repository configuration mode
2025-11-23T21:25:52.557-05:00  INFO 340959 --- [url-shortener-native] [           main] .s.d.r.c.RepositoryConfigurationDelegate : Bootstrapping Spring Data Redis repositories in DEFAULT mode.
2025-11-23T21:25:52.561-05:00  INFO 340959 --- [url-shortener-native] [           main] .RepositoryConfigurationExtensionSupport : Spring Data Redis - Could not safely identify store assignment for repository candidate interface com.example.urlshortener.infra.adapter.output.persistence.SpringDataCassandraUrlRepository; If you want this repository to be a Redis repository, consider annotating your entities with one of these annotations: org.springframework.data.redis.core.RedisHash (preferred), or consider extending one of the following types with your repository: org.springframework.data.keyvalue.repository.KeyValueRepository
2025-11-23T21:25:52.561-05:00  INFO 340959 --- [url-shortener-native] [           main] .s.d.r.c.RepositoryConfigurationDelegate : Finished Spring Data repository scanning in 2 ms. Found 0 Redis repository interfaces.
2025-11-23T21:25:52.697-05:00  WARN 340959 --- [url-shortener-native] [           main] io.undertow.websockets.jsr               : UT026010: Buffer pool was not set on WebSocketDeploymentInfo, the default pool will be used
2025-11-23T21:25:52.718-05:00  INFO 340959 --- [url-shortener-native] [           main] io.undertow.servlet                      : Initializing Spring embedded WebApplicationContext
2025-11-23T21:25:52.719-05:00  INFO 340959 --- [url-shortener-native] [           main] w.s.c.ServletWebServerApplicationContext : Root WebApplicationContext: initialization completed in 456 ms
2025-11-23T21:25:52.823-05:00  WARN 340959 --- [url-shortener-native] [           main] c.d.o.d.i.core.session.DefaultSession    : You have too many session instances: 5 active, expected less than 4 (see 'advanced.session-leak.threshold' in the configuration)
2025-11-23T21:25:52.827-05:00  INFO 340959 --- [url-shortener-native] [           main] c.d.o.d.i.c.c.CqlPrepareAsyncProcessor   : Adding handler to invalidate cached prepared statements on type changes
2025-11-23T21:25:52.829-05:00  INFO 340959 --- [url-shortener-native] [     s4-admin-0] c.d.oss.driver.internal.core.time.Clock  : Using native clock for microsecond precision
2025-11-23T21:25:52.881-05:00  WARN 340959 --- [url-shortener-native] [           main] c.d.o.d.i.core.session.DefaultSession    : You have too many session instances: 6 active, expected less than 4 (see 'advanced.session-leak.threshold' in the configuration)
2025-11-23T21:25:52.885-05:00  INFO 340959 --- [url-shortener-native] [           main] c.d.o.d.i.c.c.CqlPrepareAsyncProcessor   : Adding handler to invalidate cached prepared statements on type changes
2025-11-23T21:25:52.886-05:00  INFO 340959 --- [url-shortener-native] [     s5-admin-0] c.d.oss.driver.internal.core.time.Clock  : Using native clock for microsecond precision
2025-11-23T21:25:52.995-05:00  INFO 340959 --- [url-shortener-native] [           main] org.redisson.Version                     : Redisson 3.27.0
2025-11-23T21:25:53.003-05:00  INFO 340959 --- [url-shortener-native] [sson-netty-12-5] o.redisson.connection.ConnectionsHolder  : 1 connections initialized for localhost/127.0.0.1:32880
2025-11-23T21:25:53.141-05:00  INFO 340959 --- [url-shortener-native] [son-netty-12-20] o.redisson.connection.ConnectionsHolder  : 24 connections initialized for localhost/127.0.0.1:32880
2025-11-23T21:25:53.372-05:00  INFO 340959 --- [url-shortener-native] [           main] o.s.b.a.e.web.EndpointLinksResolver      : Exposing 3 endpoints beneath base path '/actuator'
2025-11-23T21:25:51.119-05:00  INFO 340959 --- [url-shortener-native] [           main] io.undertow                              : starting server: Undertow - 2.3.20.Final
2025-11-23T21:25:51.128-05:00  INFO 340959 --- [url-shortener-native] [           main] org.xnio                                 : XNIO version 3.8.16.Final
2025-11-23T21:25:51.135-05:00  INFO 340959 --- [url-shortener-native] [           main] org.xnio.nio                             : XNIO NIO Implementation Version 3.8.16.Final
2025-11-23T21:25:51.240-05:00  INFO 340959 --- [url-shortener-native] [           main] org.jboss.threads                        : JBoss Threads version 3.7.0.Final
2025-11-23T21:25:51.304-05:00  INFO 340959 --- [url-shortener-native] [           main] o.s.b.w.e.undertow.UndertowWebServer     : Undertow started on port 40297 (http) with context path '/'
2025-11-23T21:25:51.314-05:00  INFO 340959 --- [url-shortener-native] [           main] c.e.u.UrlShortenerIntegrationTest        : Started UrlShortenerIntegrationTest in -0.912 seconds (process running for 35.459)
2025-11-23T21:25:52.201-05:00  INFO 340959 --- [url-shortener-native] [  XNIO-1 task-2] io.undertow.servlet                      : Initializing Spring DispatcherServlet 'dispatcherServlet'
2025-11-23T21:25:52.202-05:00  INFO 340959 --- [url-shortener-native] [  XNIO-1 task-2] o.s.web.servlet.DispatcherServlet        : Initializing Servlet 'dispatcherServlet'
2025-11-23T21:25:52.203-05:00  INFO 340959 --- [url-shortener-native] [  XNIO-1 task-2] o.s.web.servlet.DispatcherServlet        : Completed initialization in 1 ms
2025-11-23T21:25:52.861-05:00  INFO 340959 --- [url-shortener-native] [  XNIO-1 task-2] c.e.u.core.service.UrlShortenerService   : Cache Miss for ID: vE1GpYK. Fetching from DB...
2025-11-23T21:25:53.178-05:00  INFO 340959 --- [url-shortener-native] [  XNIO-1 task-2] c.e.u.core.service.UrlShortenerService   : Cache Hit for ID: vE1GpYK
]]></system-out>
  </testcase>
  <testcase name="shouldReturn404ForNonExistentUrl" classname="URL Shortener Integration Tests" time="0.039">
    <system-out><![CDATA[2025-11-23T21:25:53.211-05:00  INFO 340959 --- [url-shortener-native] [  XNIO-1 task-2] c.e.u.core.service.UrlShortenerService   : Cache Miss for ID: nonexistent123. Fetching from DB...
2025-11-23T21:25:53.217-05:00  WARN 340959 --- [url-shortener-native] [  XNIO-1 task-2] c.e.u.i.a.i.r.a.GlobalExceptionHandler   : URL not found: URL not found for ID: nonexistent123
]]></system-out>
  </testcase>
  <testcase name="shouldShortenAndRedirect" classname="URL Shortener Integration Tests" time="0.14">
    <system-out><![CDATA[2025-11-23T21:25:53.357-05:00  INFO 340959 --- [url-shortener-native] [  XNIO-1 task-2] c.e.u.core.service.UrlShortenerService   : Cache Miss for ID: 9y7Aa7R. Fetching from DB...
]]></system-out>
  </testcase>
  <testcase name="shouldGenerateUniqueIds" classname="URL Shortener Integration Tests" time="0.073"/>
  <testcase name="shouldHandleSpecialCharacters" classname="URL Shortener Integration Tests" time="0.062">
    <system-out><![CDATA[2025-11-23T21:25:53.495-05:00  INFO 340959 --- [url-shortener-native] [  XNIO-1 task-2] c.e.u.core.service.UrlShortenerService   : Cache Miss for ID: zk1Kj7N. Fetching from DB...
]]></system-out>
  </testcase>
  <testcase name="shouldReturnConsistentResults" classname="URL Shortener Integration Tests" time="0.137">
    <system-out><![CDATA[2025-11-23T21:25:53.612-05:00  INFO 340959 --- [url-shortener-native] [  XNIO-1 task-2] c.e.u.core.service.UrlShortenerService   : Cache Miss for ID: O98pWYx. Fetching from DB...
2025-11-23T21:25:53.636-05:00  INFO 340959 --- [url-shortener-native] [  XNIO-1 task-2] c.e.u.core.service.UrlShortenerService   : Cache Miss for ID: qj1q07v. Fetching from DB...
]]></system-out>
  </testcase>
  <testcase name="shouldProtectAgainstInvalidIds" classname="URL Shortener Integration Tests" time="0.083">
    <system-out><![CDATA[2025-11-23T21:25:53.664-05:00  INFO 340959 --- [url-shortener-native] [  XNIO-1 task-2] c.e.u.core.service.UrlShortenerService   : Cache Miss for ID: invalid1. Fetching from DB...
2025-11-23T21:25:53.668-05:00  WARN 340959 --- [url-shortener-native] [  XNIO-1 task-2] c.e.u.i.a.i.r.a.GlobalExceptionHandler   : URL not found: URL not found for ID: invalid1
2025-11-23T21:25:53.683-05:00  INFO 340959 --- [url-shortener-native] [  XNIO-1 task-2] c.e.u.core.service.UrlShortenerService   : Cache Miss for ID: zzzzzzz. Fetching from DB...
2025-11-23T21:25:53.687-05:00  WARN 340959 --- [url-shortener-native] [  XNIO-1 task-2] c.e.u.i.a.i.r.a.GlobalExceptionHandler   : URL not found: URL not found for ID: zzzzzzz
2025-11-23T21:25:53.704-05:00  INFO 340959 --- [url-shortener-native] [  XNIO-1 task-2] c.e.u.core.service.UrlShortenerService   : Cache Miss for ID: 0000000. Fetching from DB...
2025-11-23T21:25:53.708-05:00  WARN 340959 --- [url-shortener-native] [  XNIO-1 task-2] c.e.u.i.a.i.r.a.GlobalExceptionHandler   : URL not found: URL not found for ID: 0000000
2025-11-23T21:25:53.724-05:00  INFO 340959 --- [url-shortener-native] [  XNIO-1 task-2] c.e.u.core.service.UrlShortenerService   : Cache Miss for ID: XXXXXXX. Fetching from DB...
2025-11-23T21:25:53.727-05:00  WARN 340959 --- [url-shortener-native] [  XNIO-1 task-2] c.e.u.i.a.i.r.a.GlobalExceptionHandler   : URL not found: URL not found for ID: XXXXXXX
]]></system-out>
  </testcase>
  <testcase name="shouldHandleConcurrentRequests" classname="URL Shortener Integration Tests" time="0.202"/>
  <testcase name="shouldHandleVeryLongUrls" classname="URL Shortener Integration Tests" time="0.08">
    <system-out><![CDATA[2025-11-23T21:25:53.998-05:00  INFO 340959 --- [url-shortener-native] [ XNIO-1 task-12] c.e.u.core.service.UrlShortenerService   : Cache Miss for ID: k8dM57b. Fetching from DB...
]]></system-out>
  </testcase>
</testsuite>